This file contains any messages produced by compilers while
running configure, to aid debugging if configure makes a mistake.

It was created by mingw-w64-winpthreads configure 1.0, which was
generated by GNU Autoconf 2.69.  Invocation command line was

  $ ./configure 

## --------- ##
## Platform. ##
## --------- ##

hostname = MASA-PC
uname -m = i686
uname -r = 2.10.0(0.325/5/3)
uname -s = MINGW32_NT-10.0-WOW
uname -v = 2018-02-09 14:50

/usr/bin/uname -p = unknown
/bin/uname -X     = unknown

/bin/arch              = i686
/usr/bin/arch -k       = unknown
/usr/convex/getsysinfo = unknown
/usr/bin/hostinfo      = unknown
/bin/machine           = unknown
/usr/bin/oslevel       = unknown
/bin/universe          = unknown

PATH: /mingw32/bin
PATH: /usr/local/bin
PATH: /usr/bin
PATH: /bin
PATH: /c/Windows/System32
PATH: /c/Windows
PATH: /c/Windows/System32/Wbem
PATH: /c/Windows/System32/WindowsPowerShell/v1.0/
PATH: /usr/bin/site_perl
PATH: /usr/bin/vendor_perl
PATH: /usr/bin/core_perl


## ----------- ##
## Core tests. ##
## ----------- ##

configure:2192: loading site script /mingw32/etc/config.site
| # This file is in public domain.
| # Original author: Karlson2k (Evgeny Grin)
| # Written for MSys2/MinGW64 to help running 'configure' scripts
| 
| # Defaults for MinGW64-targeted programs
| 
| # Set proper selfname on bash and fallback to default name on other shells
| test -n "${BASH_SOURCE}" 2>/dev/null && config_site_me="${BASH_SOURCE[0]##*/}" || config_site_me=config.site
| 
| # Set default 'host' to speedup configure
| if test -z "$build_alias"; then
|   build_alias="${MSYSTEM_CHOST-i686-w64-mingw32}"  && \
|     $as_echo "$config_site_me:${as_lineno-$LINENO}: default build_alias set to $build_alias" >&5 
| fi
| 
| # Set default 'prefix' to "/mingw32"
| if ( test -z "$prefix" || test "x$prefix" = "xNONE" ) && \
|    ( test -z "$exec_prefix" || test "x$exec_prefix" = "xNONE" ); then
|   prefix="${MSYSTEM_PREFIX-/mingw32}" && \
|     $as_echo "$config_site_me:${as_lineno-$LINENO}: default prefix set to $prefix" >&5
| fi
config.site:13: default build_alias set to i686-w64-mingw32
config.site:20: default prefix set to /mingw32
configure:2338: checking for a BSD-compatible install
configure:2406: result: /usr/bin/install -c
configure:2417: checking whether build environment is sane
configure:2472: result: yes
configure:2623: checking for a thread-safe mkdir -p
configure:2662: result: /usr/bin/mkdir -p
configure:2669: checking for gawk
configure:2685: found /usr/bin/gawk
configure:2696: result: gawk
configure:2707: checking whether make sets $(MAKE)
configure:2729: result: yes
configure:2758: checking whether make supports nested variables
configure:2775: result: yes
configure:2901: checking whether to enable maintainer-specific portions of Makefiles
configure:2910: result: no
configure:2928: checking build system type
configure:2942: result: i686-w64-mingw32
configure:2962: checking host system type
configure:2975: result: i686-w64-mingw32
configure:3046: checking for gcc
configure:3062: found /mingw32/bin/gcc
configure:3073: result: gcc
configure:3302: checking for C compiler version
configure:3311: gcc --version >&5
gcc.exe (Rev2, Built by MSYS2 project) 7.3.0
Copyright (C) 2017 Free Software Foundation, Inc.
This is free software; see the source for copying conditions.  There is NO
warranty; not even for MERCHANTABILITY or FITNESS FOR A PARTICULAR PURPOSE.

configure:3322: $? = 0
configure:3311: gcc -v >&5
Using built-in specs.
COLLECT_GCC=C:\msys32\mingw32\bin\gcc.exe
COLLECT_LTO_WRAPPER=C:/msys32/mingw32/bin/../lib/gcc/i686-w64-mingw32/7.3.0/lto-wrapper.exe
Target: i686-w64-mingw32
Configured with: ../gcc-7.3.0/configure --prefix=/mingw32 --with-local-prefix=/mingw32/local --build=i686-w64-mingw32 --host=i686-w64-mingw32 --target=i686-w64-mingw32 --with-native-system-header-dir=/mingw32/i686-w64-mingw32/include --libexecdir=/mingw32/lib --enable-bootstrap --with-arch=i686 --with-tune=generic --enable-languages=c,lto,c++,objc,obj-c++,fortran,ada --enable-shared --enable-static --enable-libatomic --enable-threads=posix --enable-graphite --enable-fully-dynamic-string --enable-libstdcxx-time=yes --enable-libstdcxx-filesystem-ts=yes --disable-libstdcxx-pch --disable-libstdcxx-debug --disable-isl-version-check --enable-lto --enable-libgomp --disable-multilib --enable-checking=release --disable-rpath --disable-win32-registry --disable-nls --disable-werror --disable-symvers --with-libiconv --with-system-zlib --with-gmp=/mingw32 --with-mpfr=/mingw32 --with-mpc=/mingw32 --with-isl=/mingw32 --with-pkgversion='Rev2, Built by MSYS2 project' --with-bugurl=https://sourceforge.net/projects/msys2 --with-gnu-as --with-gnu-ld --disable-sjlj-exceptions --with-dwarf2
Thread model: posix
gcc version 7.3.0 (Rev2, Built by MSYS2 project) 
configure:3322: $? = 0
configure:3311: gcc -V >&5
gcc.exe: error: unrecognized command line option '-V'
gcc.exe: fatal error: no input files
compilation terminated.
configure:3322: $? = 1
configure:3311: gcc -qversion >&5
gcc.exe: error: unrecognized command line option '-qversion'; did you mean '--version'?
gcc.exe: fatal error: no input files
compilation terminated.
configure:3322: $? = 1
configure:3342: gcc -o conftest    conftest.c  >&5
configure:3346: $? = 0
configure:3365: checking whether the C compiler works
configure:3387: gcc    conftest.c  >&5
configure:3391: $? = 0
configure:3439: result: yes
configure:3442: checking for C compiler default output file name
configure:3444: result: a.exe
configure:3450: checking for suffix of executables
configure:3457: gcc -o conftest.exe    conftest.c  >&5
configure:3461: $? = 0
configure:3483: result: .exe
configure:3505: checking whether we are cross compiling
configure:3513: gcc -o conftest.exe    conftest.c  >&5
configure:3517: $? = 0
configure:3524: ./conftest.exe
configure:3528: $? = 0
configure:3543: result: no
configure:3601: checking for suffix of object files
configure:3623: gcc -c   conftest.c >&5
configure:3627: $? = 0
configure:3648: result: o
configure:3652: checking whether we are using the GNU C compiler
configure:3671: gcc -c   conftest.c >&5
configure:3671: $? = 0
configure:3680: result: yes
configure:3689: checking whether gcc accepts -g
configure:3709: gcc -c -g  conftest.c >&5
configure:3709: $? = 0
configure:3750: result: yes
configure:3767: checking for gcc option to accept ISO C89
configure:3830: gcc  -c -g -O2  conftest.c >&5
configure:3830: $? = 0
configure:3843: result: none needed
configure:3868: checking whether gcc understands -c and -o together
configure:3890: gcc -c conftest.c -o conftest2.o
configure:3893: $? = 0
configure:3890: gcc -c conftest.c -o conftest2.o
configure:3893: $? = 0
configure:3905: result: yes
configure:3933: checking for style of include used by make
configure:3961: result: GNU
configure:3987: checking dependency style of gcc
configure:4098: result: gcc3
configure:4156: checking for ranlib
configure:4172: found /mingw32/bin/ranlib
configure:4183: result: ranlib
configure:4214: checking dependency style of gcc
configure:4323: result: gcc3
configure:4388: checking for ar
configure:4404: found /mingw32/bin/ar
configure:4415: result: ar
configure:4441: checking the archiver (ar) interface
configure:4457: gcc -c -g -O2  conftest.c >&5
configure:4457: $? = 0
configure:4459: ar cru libconftest.a conftest.o >&5
configure:4462: $? = 0
configure:4490: result: ar
configure:4561: checking how to print strings
configure:4588: result: printf
configure:4609: checking for a sed that does not truncate output
configure:4673: result: /usr/bin/sed
configure:4691: checking for grep that handles long lines and -e
configure:4749: result: /usr/bin/grep
configure:4754: checking for egrep
configure:4816: result: /usr/bin/grep -E
configure:4821: checking for fgrep
configure:4883: result: /usr/bin/grep -F
configure:4918: checking for ld used by gcc
configure:4985: result: C:/msys32/mingw32/i686-w64-mingw32/bin/ld.exe
configure:4992: checking if the linker (C:/msys32/mingw32/i686-w64-mingw32/bin/ld.exe) is GNU ld
configure:5007: result: yes
configure:5019: checking for BSD- or MS-compatible name lister (nm)
configure:5068: result: /mingw32/bin/nm -B
configure:5198: checking the name lister (/mingw32/bin/nm -B) interface
configure:5205: gcc -c -g -O2  conftest.c >&5
configure:5208: /mingw32/bin/nm -B "conftest.o"
configure:5211: output
00000000 b .bss
00000000 d .data
00000000 N .debug_abbrev
00000000 N .debug_aranges
00000000 N .debug_info
00000000 N .debug_line
00000000 r .rdata$zzz
00000000 t .text
00000000 B _some_variable
configure:5218: result: BSD nm
configure:5221: checking whether ln -s works
configure:5228: result: no, using cp -pR
configure:5233: checking the maximum length of command line arguments
configure:5363: result: 8192
configure:5380: checking whether the shell understands some XSI constructs
configure:5390: result: yes
configure:5394: checking whether the shell understands "+="
configure:5400: result: yes
configure:5435: checking how to convert i686-w64-mingw32 file names to i686-w64-mingw32 format
configure:5475: result: func_convert_file_msys_to_w32
configure:5482: checking how to convert i686-w64-mingw32 file names to toolchain format
configure:5502: result: func_convert_file_msys_to_w32
configure:5509: checking for C:/msys32/mingw32/i686-w64-mingw32/bin/ld.exe option to reload object files
configure:5516: result: -r
configure:5590: checking for objdump
configure:5606: found /mingw32/bin/objdump
configure:5617: result: objdump
configure:5646: checking how to recognize dependent libraries
configure:5848: result: file_magic ^x86 archive import|^x86 DLL
configure:5933: checking for dlltool
configure:5949: found /mingw32/bin/dlltool
configure:5960: result: dlltool
configure:5990: checking how to associate runtime and link libraries
configure:6017: result: func_cygming_dll_for_implib
configure:6141: checking for archiver @FILE support
configure:6158: gcc -c -g -O2  conftest.c >&5
configure:6158: $? = 0
configure:6161: ar cru libconftest.a @conftest.lst >&5
configure:6164: $? = 0
configure:6169: ar cru libconftest.a @conftest.lst >&5
C:\msys32\mingw32\bin\ar.exe: conftest.o: No such file or directory
configure:6172: $? = 1
configure:6184: result: @
configure:6242: checking for strip
configure:6258: found /mingw32/bin/strip
configure:6269: result: strip
configure:6341: checking for ranlib
configure:6368: result: ranlib
configure:6470: checking command to parse /mingw32/bin/nm -B output from gcc object
configure:6590: gcc -c -g -O2  conftest.c >&5
configure:6593: $? = 0
configure:6597: /mingw32/bin/nm -B conftest.o \| sed -n -e 's/^.*[ ]\([ABCDGIRSTW][ABCDGIRSTW]*\)[ ][ ]*\([_A-Za-z][_A-Za-z0-9]*\)\{0,1\}$/\1 \2 \2/p' | sed '/ __gnu_lto/d' \> conftest.nm
configure:6600: $? = 0
cannot find nm_test_var in conftest.nm
configure:6590: gcc -c -g -O2  conftest.c >&5
configure:6593: $? = 0
configure:6597: /mingw32/bin/nm -B conftest.o \| sed -n -e 's/^.*[ ]\([ABCDGIRSTW][ABCDGIRSTW]*\)[ ][ ]*_\([_A-Za-z][_A-Za-z0-9]*\)\{0,1\}$/\1 _\2 \2/p' | sed '/ __gnu_lto/d' \> conftest.nm
configure:6600: $? = 0
configure:6666: gcc -o conftest.exe -g -O2   conftest.c conftstm.o >&5
configure:6669: $? = 0
configure:6707: result: ok
configure:6744: checking for sysroot
configure:6774: result: no
configure:7033: checking for mt
configure:7063: result: no
configure:7083: checking if : is a manifest tool
configure:7089: : '-?'
configure:7097: result: no
configure:7742: checking how to run the C preprocessor
configure:7773: gcc -E  conftest.c
configure:7773: $? = 0
configure:7787: gcc -E  conftest.c
conftest.c:11:10: fatal error: ac_nonexistent.h: No such file or directory
 #include <ac_nonexistent.h>
          ^~~~~~~~~~~~~~~~~~
compilation terminated.
configure:7787: $? = 1
configure: failed program was:
| /* confdefs.h */
| #define PACKAGE_NAME "mingw-w64-winpthreads"
| #define PACKAGE_TARNAME "mingw-w64-winpthreads"
| #define PACKAGE_VERSION "1.0"
| #define PACKAGE_STRING "mingw-w64-winpthreads 1.0"
| #define PACKAGE_BUGREPORT "mingw-w64-public@lists.sf.net"
| #define PACKAGE_URL ""
| #define PACKAGE "mingw-w64-winpthreads"
| #define VERSION "1.0"
| /* end confdefs.h.  */
| #include <ac_nonexistent.h>
configure:7812: result: gcc -E
configure:7832: gcc -E  conftest.c
configure:7832: $? = 0
configure:7846: gcc -E  conftest.c
conftest.c:11:10: fatal error: ac_nonexistent.h: No such file or directory
 #include <ac_nonexistent.h>
          ^~~~~~~~~~~~~~~~~~
compilation terminated.
configure:7846: $? = 1
configure: failed program was:
| /* confdefs.h */
| #define PACKAGE_NAME "mingw-w64-winpthreads"
| #define PACKAGE_TARNAME "mingw-w64-winpthreads"
| #define PACKAGE_VERSION "1.0"
| #define PACKAGE_STRING "mingw-w64-winpthreads 1.0"
| #define PACKAGE_BUGREPORT "mingw-w64-public@lists.sf.net"
| #define PACKAGE_URL ""
| #define PACKAGE "mingw-w64-winpthreads"
| #define VERSION "1.0"
| /* end confdefs.h.  */
| #include <ac_nonexistent.h>
configure:7875: checking for ANSI C header files
configure:7895: gcc -c -g -O2  conftest.c >&5
configure:7895: $? = 0
configure:7968: gcc -o conftest.exe -g -O2   conftest.c  >&5
configure:7968: $? = 0
configure:7968: ./conftest.exe
configure:7968: $? = 0
configure:7979: result: yes
configure:7992: checking for sys/types.h
configure:7992: gcc -c -g -O2  conftest.c >&5
configure:7992: $? = 0
configure:7992: result: yes
configure:7992: checking for sys/stat.h
configure:7992: gcc -c -g -O2  conftest.c >&5
configure:7992: $? = 0
configure:7992: result: yes
configure:7992: checking for stdlib.h
configure:7992: gcc -c -g -O2  conftest.c >&5
configure:7992: $? = 0
configure:7992: result: yes
configure:7992: checking for string.h
configure:7992: gcc -c -g -O2  conftest.c >&5
configure:7992: $? = 0
configure:7992: result: yes
configure:7992: checking for memory.h
configure:7992: gcc -c -g -O2  conftest.c >&5
configure:7992: $? = 0
configure:7992: result: yes
configure:7992: checking for strings.h
configure:7992: gcc -c -g -O2  conftest.c >&5
configure:7992: $? = 0
configure:7992: result: yes
configure:7992: checking for inttypes.h
configure:7992: gcc -c -g -O2  conftest.c >&5
configure:7992: $? = 0
configure:7992: result: yes
configure:7992: checking for stdint.h
configure:7992: gcc -c -g -O2  conftest.c >&5
configure:7992: $? = 0
configure:7992: result: yes
configure:7992: checking for unistd.h
configure:7992: gcc -c -g -O2  conftest.c >&5
configure:7992: $? = 0
configure:7992: result: yes
configure:8006: checking for dlfcn.h
configure:8006: gcc -c -g -O2  conftest.c >&5
conftest.c:55:10: fatal error: dlfcn.h: No such file or directory
 #include <dlfcn.h>
          ^~~~~~~~~
compilation terminated.
configure:8006: $? = 1
configure: failed program was:
| /* confdefs.h */
| #define PACKAGE_NAME "mingw-w64-winpthreads"
| #define PACKAGE_TARNAME "mingw-w64-winpthreads"
| #define PACKAGE_VERSION "1.0"
| #define PACKAGE_STRING "mingw-w64-winpthreads 1.0"
| #define PACKAGE_BUGREPORT "mingw-w64-public@lists.sf.net"
| #define PACKAGE_URL ""
| #define PACKAGE "mingw-w64-winpthreads"
| #define VERSION "1.0"
| #define STDC_HEADERS 1
| #define HAVE_SYS_TYPES_H 1
| #define HAVE_SYS_STAT_H 1
| #define HAVE_STDLIB_H 1
| #define HAVE_STRING_H 1
| #define HAVE_MEMORY_H 1
| #define HAVE_STRINGS_H 1
| #define HAVE_INTTYPES_H 1
| #define HAVE_STDINT_H 1
| #define HAVE_UNISTD_H 1
| /* end confdefs.h.  */
| #include <stdio.h>
| #ifdef HAVE_SYS_TYPES_H
| # include <sys/types.h>
| #endif
| #ifdef HAVE_SYS_STAT_H
| # include <sys/stat.h>
| #endif
| #ifdef STDC_HEADERS
| # include <stdlib.h>
| # include <stddef.h>
| #else
| # ifdef HAVE_STDLIB_H
| #  include <stdlib.h>
| # endif
| #endif
| #ifdef HAVE_STRING_H
| # if !defined STDC_HEADERS && defined HAVE_MEMORY_H
| #  include <memory.h>
| # endif
| # include <string.h>
| #endif
| #ifdef HAVE_STRINGS_H
| # include <strings.h>
| #endif
| #ifdef HAVE_INTTYPES_H
| # include <inttypes.h>
| #endif
| #ifdef HAVE_STDINT_H
| # include <stdint.h>
| #endif
| #ifdef HAVE_UNISTD_H
| # include <unistd.h>
| #endif
| 
| #include <dlfcn.h>
configure:8006: result: no
configure:8069: checking for as
configure:8085: found /mingw32/bin/as
configure:8096: result: as
configure:8161: checking for dlltool
configure:8188: result: dlltool
configure:8253: checking for objdump
configure:8280: result: objdump
configure:8510: checking for objdir
configure:8525: result: .libs
configure:8796: checking if gcc supports -fno-rtti -fno-exceptions
configure:8814: gcc -c -g -O2  -fno-rtti -fno-exceptions conftest.c >&5
cc1.exe: warning: command line option '-fno-rtti' is valid for C++/ObjC++ but not for C
configure:8818: $? = 0
configure:8831: result: no
configure:9158: checking for gcc option to produce PIC
configure:9165: result: -DDLL_EXPORT -DPIC
configure:9173: checking if gcc PIC flag -DDLL_EXPORT -DPIC works
configure:9191: gcc -c -g -O2  -DDLL_EXPORT -DPIC -DPIC conftest.c >&5
configure:9195: $? = 0
configure:9208: result: yes
configure:9237: checking if gcc static flag -static works
configure:9265: result: yes
configure:9280: checking if gcc supports -c -o file.o
configure:9301: gcc -c -g -O2  -o out/conftest2.o conftest.c >&5
configure:9305: $? = 0
configure:9327: result: yes
configure:9335: checking if gcc supports -c -o file.o
configure:9382: result: yes
configure:9415: checking whether the gcc linker (C:/msys32/mingw32/i686-w64-mingw32/bin/ld.exe) supports shared libraries
configure:10577: result: yes
configure:10614: checking whether -lc should be explicitly linked in
configure:10622: gcc -c -g -O2  conftest.c >&5
configure:10625: $? = 0
configure:10640: gcc -shared conftest.o  -v -o ./conftest -Wl,--enable-auto-image-base -Xlinker --out-implib -Xlinker conftest 2\>\&1 \| /usr/bin/grep  -lc  \>/dev/null 2\>\&1
configure:10643: $? = 1
configure:10657: result: yes
configure:10817: checking dynamic linker characteristics
configure:11553: result: Win32 ld.exe
configure:11660: checking how to hardcode library paths into programs
configure:11685: result: immediate
configure:12240: checking whether stripping libraries is possible
configure:12245: result: yes
configure:12280: checking if libtool supports shared libraries
configure:12282: result: yes
configure:12285: checking whether to build shared libraries
configure:12306: result: yes
configure:12309: checking whether to build static libraries
configure:12313: result: yes
configure:12393: checking for windres
configure:12409: found /mingw32/bin/windres
configure:12420: result: windres
configure:12562: checking limits.h usability
configure:12562: gcc -c -g -O2  conftest.c >&5
configure:12562: $? = 0
configure:12562: result: yes
configure:12562: checking limits.h presence
configure:12562: gcc -E  conftest.c
configure:12562: $? = 0
configure:12562: result: yes
configure:12562: checking for limits.h
configure:12562: result: yes
configure:12562: checking sys/timeb.h usability
configure:12562: gcc -c -g -O2  conftest.c >&5
configure:12562: $? = 0
configure:12562: result: yes
configure:12562: checking sys/timeb.h presence
configure:12562: gcc -E  conftest.c
configure:12562: $? = 0
configure:12562: result: yes
configure:12562: checking for sys/timeb.h
configure:12562: result: yes
configure:12574: checking for inline
configure:12590: gcc -c -g -O2  conftest.c >&5
configure:12590: $? = 0
configure:12598: result: inline
configure:12616: checking for size_t
configure:12616: gcc -c -g -O2  conftest.c >&5
configure:12616: $? = 0
configure:12616: gcc -c -g -O2  conftest.c >&5
conftest.c: In function 'main':
conftest.c:60:21: error: expected expression before ')' token
 if (sizeof ((size_t)))
                     ^
configure:12616: $? = 1
configure: failed program was:
| /* confdefs.h */
| #define PACKAGE_NAME "mingw-w64-winpthreads"
| #define PACKAGE_TARNAME "mingw-w64-winpthreads"
| #define PACKAGE_VERSION "1.0"
| #define PACKAGE_STRING "mingw-w64-winpthreads 1.0"
| #define PACKAGE_BUGREPORT "mingw-w64-public@lists.sf.net"
| #define PACKAGE_URL ""
| #define PACKAGE "mingw-w64-winpthreads"
| #define VERSION "1.0"
| #define STDC_HEADERS 1
| #define HAVE_SYS_TYPES_H 1
| #define HAVE_SYS_STAT_H 1
| #define HAVE_STDLIB_H 1
| #define HAVE_STRING_H 1
| #define HAVE_MEMORY_H 1
| #define HAVE_STRINGS_H 1
| #define HAVE_INTTYPES_H 1
| #define HAVE_STDINT_H 1
| #define HAVE_UNISTD_H 1
| #define LT_OBJDIR ".libs/"
| #define HAVE_LIMITS_H 1
| #define HAVE_SYS_TIMEB_H 1
| /* end confdefs.h.  */
| #include <stdio.h>
| #ifdef HAVE_SYS_TYPES_H
| # include <sys/types.h>
| #endif
| #ifdef HAVE_SYS_STAT_H
| # include <sys/stat.h>
| #endif
| #ifdef STDC_HEADERS
| # include <stdlib.h>
| # include <stddef.h>
| #else
| # ifdef HAVE_STDLIB_H
| #  include <stdlib.h>
| # endif
| #endif
| #ifdef HAVE_STRING_H
| # if !defined STDC_HEADERS && defined HAVE_MEMORY_H
| #  include <memory.h>
| # endif
| # include <string.h>
| #endif
| #ifdef HAVE_STRINGS_H
| # include <strings.h>
| #endif
| #ifdef HAVE_INTTYPES_H
| # include <inttypes.h>
| #endif
| #ifdef HAVE_STDINT_H
| # include <stdint.h>
| #endif
| #ifdef HAVE_UNISTD_H
| # include <unistd.h>
| #endif
| int
| main ()
| {
| if (sizeof ((size_t)))
| 	    return 0;
|   ;
|   return 0;
| }
configure:12616: result: yes
configure:12747: checking that generated files are newer than configure
configure:12753: result: done
configure:12792: creating ./config.status

## ---------------------- ##
## Running config.status. ##
## ---------------------- ##

This file was extended by mingw-w64-winpthreads config.status 1.0, which was
generated by GNU Autoconf 2.69.  Invocation command line was

  CONFIG_FILES    = 
  CONFIG_HEADERS  = 
  CONFIG_LINKS    = 
  CONFIG_COMMANDS = 
  $ ./config.status 

on MASA-PC

config.status:1156: creating Makefile
config.status:1156: creating tests/Makefile
config.status:1156: creating config.h
config.status:1337: config.h is unchanged
config.status:1385: executing depfiles commands
config.status:1385: executing libtool commands

## ---------------- ##
## Cache variables. ##
## ---------------- ##

ac_cv_build=i686-w64-mingw32
ac_cv_c_compiler_gnu=yes
ac_cv_c_inline=inline
ac_cv_env_CCASFLAGS_set=
ac_cv_env_CCASFLAGS_value=
ac_cv_env_CCAS_set=
ac_cv_env_CCAS_value=
ac_cv_env_CC_set=
ac_cv_env_CC_value=
ac_cv_env_CFLAGS_set=
ac_cv_env_CFLAGS_value=
ac_cv_env_CPPFLAGS_set=
ac_cv_env_CPPFLAGS_value=
ac_cv_env_CPP_set=
ac_cv_env_CPP_value=
ac_cv_env_LDFLAGS_set=
ac_cv_env_LDFLAGS_value=
ac_cv_env_LIBS_set=
ac_cv_env_LIBS_value=
ac_cv_env_build_alias_set=
ac_cv_env_build_alias_value=
ac_cv_env_host_alias_set=
ac_cv_env_host_alias_value=
ac_cv_env_target_alias_set=
ac_cv_env_target_alias_value=
ac_cv_exeext=.exe
ac_cv_header_dlfcn_h=no
ac_cv_header_inttypes_h=yes
ac_cv_header_limits_h=yes
ac_cv_header_memory_h=yes
ac_cv_header_stdc=yes
ac_cv_header_stdint_h=yes
ac_cv_header_stdlib_h=yes
ac_cv_header_string_h=yes
ac_cv_header_strings_h=yes
ac_cv_header_sys_stat_h=yes
ac_cv_header_sys_timeb_h=yes
ac_cv_header_sys_types_h=yes
ac_cv_header_unistd_h=yes
ac_cv_host=i686-w64-mingw32
ac_cv_objext=o
ac_cv_path_EGREP='/usr/bin/grep -E'
ac_cv_path_FGREP='/usr/bin/grep -F'
ac_cv_path_GREP=/usr/bin/grep
ac_cv_path_SED=/usr/bin/sed
ac_cv_path_install='/usr/bin/install -c'
ac_cv_path_mkdir=/usr/bin/mkdir
ac_cv_prog_AWK=gawk
ac_cv_prog_CPP='gcc -E'
ac_cv_prog_ac_ct_AR=ar
ac_cv_prog_ac_ct_AS=as
ac_cv_prog_ac_ct_CC=gcc
ac_cv_prog_ac_ct_DLLTOOL=dlltool
ac_cv_prog_ac_ct_OBJDUMP=objdump
ac_cv_prog_ac_ct_RANLIB=ranlib
ac_cv_prog_ac_ct_RC=windres
ac_cv_prog_ac_ct_STRIP=strip
ac_cv_prog_cc_c89=
ac_cv_prog_cc_g=yes
ac_cv_prog_make_make_set=yes
ac_cv_type_size_t=yes
am_cv_CCAS_dependencies_compiler_type=gcc3
am_cv_CC_dependencies_compiler_type=gcc3
am_cv_ar_interface=ar
am_cv_make_support_nested_variables=yes
am_cv_prog_cc_c_o=yes
lt_cv_ar_at_file=@
lt_cv_archive_cmds_need_lc=yes
lt_cv_deplibs_check_method='file_magic ^x86 archive import|^x86 DLL'
lt_cv_file_magic_cmd=func_win32_libid
lt_cv_file_magic_test_file=
lt_cv_ld_reload_flag=-r
lt_cv_nm_interface='BSD nm'
lt_cv_objdir=.libs
lt_cv_path_LD=C:/msys32/mingw32/i686-w64-mingw32/bin/ld.exe
lt_cv_path_NM='/mingw32/bin/nm -B'
lt_cv_path_mainfest_tool=no
lt_cv_prog_compiler_c_o=yes
lt_cv_prog_compiler_c_o_RC=yes
lt_cv_prog_compiler_pic='-DDLL_EXPORT -DPIC'
lt_cv_prog_compiler_pic_works=yes
lt_cv_prog_compiler_rtti_exceptions=no
lt_cv_prog_compiler_static_works=yes
lt_cv_prog_gnu_ld=yes
lt_cv_sharedlib_from_linklib_cmd=func_cygming_dll_for_implib
lt_cv_sys_global_symbol_pipe='sed -n -e '\''s/^.*[	 ]\([ABCDGIRSTW][ABCDGIRSTW]*\)[	 ][	 ]*_\([_A-Za-z][_A-Za-z0-9]*\)\{0,1\}$/\1 _\2 \2/p'\'' | sed '\''/ __gnu_lto/d'\'''
lt_cv_sys_global_symbol_to_c_name_address='sed -n -e '\''s/^: \([^ ]*\)[ ]*$/  {\"\1\", (void *) 0},/p'\'' -e '\''s/^[ABCDGIRSTW]* \([^ ]*\) \([^ ]*\)$/  {"\2", (void *) \&\2},/p'\'''
lt_cv_sys_global_symbol_to_c_name_address_lib_prefix='sed -n -e '\''s/^: \([^ ]*\)[ ]*$/  {\"\1\", (void *) 0},/p'\'' -e '\''s/^[ABCDGIRSTW]* \([^ ]*\) \(lib[^ ]*\)$/  {"\2", (void *) \&\2},/p'\'' -e '\''s/^[ABCDGIRSTW]* \([^ ]*\) \([^ ]*\)$/  {"lib\2", (void *) \&\2},/p'\'''
lt_cv_sys_global_symbol_to_cdecl='sed -n -e '\''s/^T .* \(.*\)$/extern int \1();/p'\'' -e '\''s/^[ABCDGIRSTW]* .* \(.*\)$/extern char \1;/p'\'''
lt_cv_sys_max_cmd_len=8192
lt_cv_to_host_file_cmd=func_convert_file_msys_to_w32
lt_cv_to_tool_file_cmd=func_convert_file_msys_to_w32

## ----------------- ##
## Output variables. ##
## ----------------- ##

ACLOCAL='${SHELL} /d/work/lib/winpthreads/build-aux/missing aclocal-1.14'
AMDEPBACKSLASH='\'
AMDEP_FALSE='#'
AMDEP_TRUE=''
AMTAR='$${TAR-tar}'
AM_BACKSLASH='\'
AM_DEFAULT_V='$(AM_DEFAULT_VERBOSITY)'
AM_DEFAULT_VERBOSITY='1'
AM_V='$(V)'
AR='ar'
AS='as'
AUTOCONF='${SHELL} /d/work/lib/winpthreads/build-aux/missing autoconf'
AUTOHEADER='${SHELL} /d/work/lib/winpthreads/build-aux/missing autoheader'
AUTOMAKE='${SHELL} /d/work/lib/winpthreads/build-aux/missing automake-1.14'
AWK='gawk'
CC='gcc'
CCAS='gcc'
CCASDEPMODE='depmode=gcc3'
CCASFLAGS='-g -O2'
CCDEPMODE='depmode=gcc3'
CFLAGS='-g -O2'
COPY_SHARED_FALSE='#'
COPY_SHARED_TRUE=''
COPY_STATIC_FALSE='#'
COPY_STATIC_TRUE=''
CPP='gcc -E'
CPPFLAGS=''
CYGPATH_W='cygpath -w'
DEFS='-DHAVE_CONFIG_H'
DEPDIR='.deps'
DLLTOOL='dlltool'
DSYMUTIL=''
DUMPBIN=''
ECHO_C=''
ECHO_N='-n'
ECHO_T=''
EGREP='/usr/bin/grep -E'
EXEEXT='.exe'
FGREP='/usr/bin/grep -F'
GREP='/usr/bin/grep'
INSTALL_DATA='${INSTALL} -m 644'
INSTALL_PROGRAM='${INSTALL}'
INSTALL_SCRIPT='${INSTALL}'
INSTALL_STRIP_PROGRAM='$(install_sh) -c -s'
LD='C:/msys32/mingw32/i686-w64-mingw32/bin/ld.exe'
LDFLAGS=''
LIBOBJS=''
LIBS=''
LIBTOOL='$(SHELL) $(top_builddir)/libtool'
LIPO=''
LN_S='cp -pR'
LTLIBOBJS=''
LT_OBJDIR='.libs'
MAINT='#'
MAINTAINER_MODE_FALSE=''
MAINTAINER_MODE_TRUE='#'
MAKEINFO='${SHELL} /d/work/lib/winpthreads/build-aux/missing makeinfo'
MANIFEST_TOOL=':'
MKDIR_P='/usr/bin/mkdir -p'
NM='/mingw32/bin/nm -B'
NMEDIT=''
OBJDUMP='objdump'
OBJEXT='o'
OTOOL64=''
OTOOL=''
PACKAGE='mingw-w64-winpthreads'
PACKAGE_BUGREPORT='mingw-w64-public@lists.sf.net'
PACKAGE_NAME='mingw-w64-winpthreads'
PACKAGE_STRING='mingw-w64-winpthreads 1.0'
PACKAGE_TARNAME='mingw-w64-winpthreads'
PACKAGE_URL=''
PACKAGE_VERSION='1.0'
PATH_SEPARATOR=':'
RANLIB='ranlib'
RC='windres'
RCFLAGS=''
SED='/usr/bin/sed'
SET_MAKE=''
SHELL='/bin/sh'
STRIP='strip'
VERSION='1.0'
ac_ct_AR='ar'
ac_ct_CC='gcc'
ac_ct_DUMPBIN=''
am__EXEEXT_FALSE='#'
am__EXEEXT_TRUE=''
am__fastdepCCAS_FALSE='#'
am__fastdepCCAS_TRUE=''
am__fastdepCC_FALSE='#'
am__fastdepCC_TRUE=''
am__include='include'
am__isrc=''
am__leading_dot='.'
am__nodep='_no'
am__quote=''
am__tar='$${TAR-tar} chof - "$$tardir"'
am__untar='$${TAR-tar} xf -'
bindir='${exec_prefix}/bin'
build='i686-w64-mingw32'
build_alias='i686-w64-mingw32'
build_cpu='i686'
build_os='mingw32'
build_vendor='w64'
datadir='${datarootdir}'
datarootdir='${prefix}/share'
docdir='${datarootdir}/doc/${PACKAGE_TARNAME}'
dvidir='${docdir}'
exec_prefix='${prefix}'
host='i686-w64-mingw32'
host_alias=''
host_cpu='i686'
host_os='mingw32'
host_vendor='w64'
htmldir='${docdir}'
includedir='${prefix}/include'
infodir='${datarootdir}/info'
install_sh='${SHELL} /d/work/lib/winpthreads/build-aux/install-sh'
libdir='${exec_prefix}/lib'
libexecdir='${exec_prefix}/libexec'
localedir='${datarootdir}/locale'
localstatedir='${prefix}/var'
mandir='${datarootdir}/man'
mkdir_p='$(MKDIR_P)'
oldincludedir='/usr/include'
pdfdir='${docdir}'
prefix='/mingw32'
program_transform_name='s,x,x,'
psdir='${docdir}'
sbindir='${exec_prefix}/sbin'
sharedstatedir='${prefix}/com'
sysconfdir='${prefix}/etc'
target_alias=''

## ----------- ##
## confdefs.h. ##
## ----------- ##

/* confdefs.h */
#define PACKAGE_NAME "mingw-w64-winpthreads"
#define PACKAGE_TARNAME "mingw-w64-winpthreads"
#define PACKAGE_VERSION "1.0"
#define PACKAGE_STRING "mingw-w64-winpthreads 1.0"
#define PACKAGE_BUGREPORT "mingw-w64-public@lists.sf.net"
#define PACKAGE_URL ""
#define PACKAGE "mingw-w64-winpthreads"
#define VERSION "1.0"
#define STDC_HEADERS 1
#define HAVE_SYS_TYPES_H 1
#define HAVE_SYS_STAT_H 1
#define HAVE_STDLIB_H 1
#define HAVE_STRING_H 1
#define HAVE_MEMORY_H 1
#define HAVE_STRINGS_H 1
#define HAVE_INTTYPES_H 1
#define HAVE_STDINT_H 1
#define HAVE_UNISTD_H 1
#define LT_OBJDIR ".libs/"
#define HAVE_LIMITS_H 1
#define HAVE_SYS_TIMEB_H 1

configure: exit 0
